Arguments: 
  /usr/bin/node /usr/share/yarn/bin/yarn.js install --offline

PATH: 
  /home/daniele/.zinit/polaris/sbin:/home/daniele/.zinit/polaris/bin:/home/linuxbrew/.linuxbrew/bin:/home/linuxbrew/.linuxbrew/sbin:/home/daniele/bin:/usr/local/bin:/usr/local/sbin:/usr/local/bin:/usr/sbin:/usr/bin:/sbin:/bin:/usr/games:/usr/local/games:/home/daniele/.yarn/bin:/home/daniele/Android/Sdk/emulator:/home/daniele/Android/Sdk/tools:/home/daniele/Android/Sdk/tools/bin:/home/daniele/Android/Sdk/platform-tools:/home/daniele/android-studio/bin

Yarn version: 
  1.22.4

Node version: 
  10.19.0

Platform: 
  linux x64

Trace: 
  Invariant Violation: There should only be one folder in a package cache (got  in /home/daniele/.cache/yarn/v6/npm-@expo-samples-3.0.3-83ade8e4d5cae95c257d5a99767eda66ca04f73e-integrity/node_modules/@expo)
      at invariant (/usr/share/yarn/lib/cli.js:2314:15)
      at /usr/share/yarn/lib/cli.js:60692:11
      at Generator.next (<anonymous>)
      at step (/usr/share/yarn/lib/cli.js:310:30)
      at /usr/share/yarn/lib/cli.js:321:13

npm manifest: 
  {
    "main": "node_modules/expo/AppEntry.js",
    "scripts": {
      "start": "expo start",
      "android": "expo start --android",
      "ios": "expo start --ios",
      "web": "expo start --web",
      "eject": "expo eject"
    },
    "dependencies": {
      "expo": "~38.0.8",
      "expo-status-bar": "^1.0.2",
      "react": "~16.11.0",
      "react-dom": "~16.11.0",
      "react-native": "https://github.com/expo/react-native/archive/sdk-38.0.2.tar.gz",
      "react-native-web": "~0.11.7"
    },
    "devDependencies": {
      "@babel/core": "^7.8.6",
      "@types/react": "~16.9.41",
      "@types/react-native": "~0.62.13",
      "typescript": "~3.9.5"
    },
    "private": true
  }

yarn manifest: 
  No manifest

Lockfile: 
  No lockfile
